<?xml version="1.0" encoding="UTF-8"?>
<testsuite xmlns:xsi="http://www.w3.org/2001/XMLSchema-instance" xsi:noNamespaceSchemaLocation="https://maven.apache.org/surefire/maven-surefire-plugin/xsd/surefire-test-report-3.0.xsd" version="3.0" name="TestSuite" time="21.562" tests="28" errors="0" skipped="0" failures="0">
  <properties>
[...]
</properties>
  <testcase name="TC_01_Name_Cannot_Empty" classname="testcases.com.bankguru.TC_02_New_Customer" time="0.35">
    <system-err><![CDATA[[main] INFO io.github.bonigarcia.wdm.WebDriverManager - Using chromedriver 95.0.4638.69 (resolved driver for Chrome 95)
[main] INFO io.github.bonigarcia.wdm.WebDriverManager - Exporting webdriver.chrome.driver as C:\Users\Trung Hieu - admin\.cache\selenium\chromedriver\win32\95.0.4638.69\chromedriver.exe
Starting ChromeDriver 95.0.4638.69 (6a1600ed572fedecd573b6c2b90a22fe6392a410-refs/branch-heads/4638@{#984}) on port 32416
Only local connections are allowed.
Please see https://chromedriver.chromium.org/security-considerations for suggestions on keeping ChromeDriver safe.
ChromeDriver was started successfully.
Nov 11, 2021 4:45:11 AM org.openqa.selenium.remote.ProtocolHandshake createSession
INFO: Detected dialect: W3C
]]></system-err>
  </testcase>
  <testcase name="TC_02_Name_Cannot_Be_Numeric" classname="testcases.com.bankguru.TC_02_New_Customer" time="0.433"/>
  <testcase name="TC_03_Name_Cannot_Have_Special_Characters" classname="testcases.com.bankguru.TC_02_New_Customer" time="0.383"/>
  <testcase name="TC_04_Name_First_Char_Cannot_Be_Space" classname="testcases.com.bankguru.TC_02_New_Customer" time="0.204"/>
  <testcase name="TC_05_Address_Cannot_Be_Empty" classname="testcases.com.bankguru.TC_02_New_Customer" time="0.211"/>
  <testcase name="TC_06_Address_First_Char_Cannot_Be_Space" classname="testcases.com.bankguru.TC_02_New_Customer" time="0.217"/>
  <testcase name="TC_07_City_Cannot_Be_Empty" classname="testcases.com.bankguru.TC_02_New_Customer" time="0.235"/>
  <testcase name="TC_08_City_Cannot_Be_Numeric" classname="testcases.com.bankguru.TC_02_New_Customer" time="0.437"/>
  <testcase name="TC_09_City_Cannot_Have_Special_Characters" classname="testcases.com.bankguru.TC_02_New_Customer" time="0.325"/>
  <testcase name="TC_10_City_First_Char_Cannot_Be_Space" classname="testcases.com.bankguru.TC_02_New_Customer" time="0.184"/>
  <testcase name="TC_11_State_Cannot_Be_Empty" classname="testcases.com.bankguru.TC_02_New_Customer" time="0.2"/>
  <testcase name="TC_12_State_Cannot_Be_Numeric" classname="testcases.com.bankguru.TC_02_New_Customer" time="0.41"/>
  <testcase name="TC_13_State_Cannot_Have_Special_Characters" classname="testcases.com.bankguru.TC_02_New_Customer" time="0.418"/>
  <testcase name="TC_14_State_First_Char_Cannot_Be_Space" classname="testcases.com.bankguru.TC_02_New_Customer" time="0.201"/>
  <testcase name="TC_15_Pin_Must_Be_Numeric" classname="testcases.com.bankguru.TC_02_New_Customer" time="0.265"/>
  <testcase name="TC_16_Pin_Cannot_Be_Empty" classname="testcases.com.bankguru.TC_02_New_Customer" time="0.195"/>
  <testcase name="TC_17_Pin_Must_Have_Six_Digits" classname="testcases.com.bankguru.TC_02_New_Customer" time="0.187"/>
  <testcase name="TC_18_Pin_Cannot_Have_Special_Character" classname="testcases.com.bankguru.TC_02_New_Customer" time="0.191"/>
  <testcase name="TC_19_Pin_Cannot_Have_Special_Character" classname="testcases.com.bankguru.TC_02_New_Customer" time="0.198"/>
  <testcase name="TC_20_Pin_Cannot_Have_Blank_Space" classname="testcases.com.bankguru.TC_02_New_Customer" time="0.185"/>
  <testcase name="TC_21_Telephone_Cannot_Be_Empty" classname="testcases.com.bankguru.TC_02_New_Customer" time="0.217"/>
  <testcase name="TC_22_Telephone_Cannot_Be_Special_Character" classname="testcases.com.bankguru.TC_02_New_Customer" time="0.449"/>
  <testcase name="TC_23_Telephone_Cannot_Have_Space" classname="testcases.com.bankguru.TC_02_New_Customer" time="0.199"/>
  <testcase name="TC_24_Telephone_First_Char_Cannot_Be_Space" classname="testcases.com.bankguru.TC_02_New_Customer" time="0.266"/>
  <testcase name="TC_25_Email_Cannot_Be_Empty" classname="testcases.com.bankguru.TC_02_New_Customer" time="0.217"/>
  <testcase name="TC_26_Email_Must_Be_In_Correct_Format" classname="testcases.com.bankguru.TC_02_New_Customer" time="1"/>
  <testcase name="TC_27_Telephone_First_Char_Cannot_Be_Space" classname="testcases.com.bankguru.TC_02_New_Customer" time="0.216"/>
  <testcase name="TC_28_Check_All_Field_Name" classname="testcases.com.bankguru.TC_02_New_Customer" time="0.564"/>
</testsuite>